# JRE version: 7.0_25-b17
# Java VM: Java HotSpot(TM) 64-Bit Server VM (23.25-b01 mixed mode windows-amd64 compressed oops)
Heap
 PSYoungGen      total 123008K, used 103456K [0x00000000daeb0000, 0x00000000e38f0000, 0x0000000100000000)
  eden space 119680K, 83% used [0x00000000daeb0000,0x00000000e107d3d8,0x00000000e2390000)
  from space 3328K, 99% used [0x00000000e2990000,0x00000000e2ccacc8,0x00000000e2cd0000)
  to   space 6144K, 0% used [0x00000000e2390000,0x00000000e2390000,0x00000000e2990000)
 ParOldGen       total 99584K, used 40732K [0x0000000090c00000, 0x0000000096d40000, 0x00000000daeb0000)
  object space 99584K, 40% used [0x0000000090c00000,0x00000000933c7320,0x0000000096d40000)
 PSPermGen       total 52288K, used 51929K [0x000000008ba00000, 0x000000008ed10000, 0x0000000090c00000)
  object space 52288K, 99% used [0x000000008ba00000,0x000000008ecb6478,0x000000008ed10000)
GC Heap History (10 events):
Event: 13140.010 GC heap before
{Heap before GC invocations=128 (full 54):
 PSYoungGen      total 124032K, used 2216K [0x00000000daeb0000, 0x00000000e2d10000, 0x0000000100000000)
  eden space 122496K, 1% used [0x00000000daeb0000,0x00000000db0da2e8,0x00000000e2650000)
  from space 1536K, 0% used [0x00000000e2650000,0x00000000e2650000,0x00000000e27d0000)
  to   space 3456K, 0% used [0x00000000e29b0000,0x00000000e29b0000,0x00000000e2d10000)
 ParOldGen       total 99584K, used 34506K [0x0000000090c00000, 0x0000000096d40000, 0x00000000daeb0000)
  object space 99584K, 34% used [0x0000000090c00000,0x0000000092db29b8,0x0000000096d40000)
 PSPermGen       total 52288K, used 51748K [0x000000008ba00000, 0x000000008ed10000, 0x0000000090c00000)
  object space 52288K, 98% used [0x000000008ba00000,0x000000008ec890a0,0x000000008ed10000)
Event: 13140.013 GC heap after
Heap after GC invocations=128 (full 54):
 PSYoungGen      total 125952K, used 32K [0x00000000daeb0000, 0x00000000e2d10000, 0x0000000100000000)
  eden space 122496K, 0% used [0x00000000daeb0000,0x00000000daeb0000,0x00000000e2650000)
  from space 3456K, 0% used [0x00000000e29b0000,0x00000000e29b8000,0x00000000e2d10000)
  to   space 3456K, 0% used [0x00000000e2650000,0x00000000e2650000,0x00000000e29b0000)
 ParOldGen       total 99584K, used 34506K [0x0000000090c00000, 0x0000000096d40000, 0x00000000daeb0000)
  object space 99584K, 34% used [0x0000000090c00000,0x0000000092db29b8,0x0000000096d40000)
 PSPermGen       total 52288K, used 51748K [0x000000008ba00000, 0x000000008ed10000, 0x0000000090c00000)
  object space 52288K, 98% used [0x000000008ba00000,0x000000008ec890a0,0x000000008ed10000)
}
Event: 13140.013 GC heap before
{Heap before GC invocations=129 (full 55):
 PSYoungGen      total 125952K, used 32K [0x00000000daeb0000, 0x00000000e2d10000, 0x0000000100000000)
  eden space 122496K, 0% used [0x00000000daeb0000,0x00000000daeb0000,0x00000000e2650000)
  from space 3456K, 0% used [0x00000000e29b0000,0x00000000e29b8000,0x00000000e2d10000)
  to   space 3456K, 0% used [0x00000000e2650000,0x00000000e2650000,0x00000000e29b0000)
 ParOldGen       total 99584K, used 34506K [0x0000000090c00000, 0x0000000096d40000, 0x00000000daeb0000)
  object space 99584K, 34% used [0x0000000090c00000,0x0000000092db29b8,0x0000000096d40000)
 PSPermGen       total 52288K, used 51748K [0x000000008ba00000, 0x000000008ed10000, 0x0000000090c00000)
  object space 52288K, 98% used [0x000000008ba00000,0x000000008ec890a0,0x000000008ed10000)
Event: 13140.222 GC heap after
Heap after GC invocations=129 (full 55):
 PSYoungGen      total 125952K, used 0K [0x00000000daeb0000, 0x00000000e2d10000, 0x0000000100000000)
  eden space 122496K, 0% used [0x00000000daeb0000,0x00000000daeb0000,0x00000000e2650000)
  from space 3456K, 0% used [0x00000000e29b0000,0x00000000e29b0000,0x00000000e2d10000)
  to   space 3456K, 0% used [0x00000000e2650000,0x00000000e2650000,0x00000000e29b0000)
 ParOldGen       total 99584K, used 34504K [0x0000000090c00000, 0x0000000096d40000, 0x00000000daeb0000)
  object space 99584K, 34% used [0x0000000090c00000,0x0000000092db20b8,0x0000000096d40000)
 PSPermGen       total 52288K, used 51748K [0x000000008ba00000, 0x000000008ed10000, 0x0000000090c00000)
  object space 52288K, 98% used [0x000000008ba00000,0x000000008ec890a0,0x000000008ed10000)
}
Event: 13212.896 GC heap before
{Heap before GC invocations=130 (full 55):
 PSYoungGen      total 125952K, used 40713K [0x00000000daeb0000, 0x00000000e2d10000, 0x0000000100000000)
  eden space 122496K, 33% used [0x00000000daeb0000,0x00000000dd672520,0x00000000e2650000)
  from space 3456K, 0% used [0x00000000e29b0000,0x00000000e29b0000,0x00000000e2d10000)
  to   space 3456K, 0% used [0x00000000e2650000,0x00000000e2650000,0x00000000e29b0000)
 ParOldGen       total 99584K, used 34504K [0x0000000090c00000, 0x0000000096d40000, 0x00000000daeb0000)
  object space 99584K, 34% used [0x0000000090c00000,0x0000000092db20b8,0x0000000096d40000)
 PSPermGen       total 52288K, used 51779K [0x000000008ba00000, 0x000000008ed10000, 0x0000000090c00000)
  object space 52288K, 99% used [0x000000008ba00000,0x000000008ec90dd0,0x000000008ed10000)
Event: 13212.907 GC heap after
Heap after GC invocations=130 (full 55):
 PSYoungGen      total 123200K, used 660K [0x00000000daeb0000, 0x00000000e2cd0000, 0x0000000100000000)
  eden space 122496K, 0% used [0x00000000daeb0000,0x00000000daeb0000,0x00000000e2650000)
  from space 704K, 93% used [0x00000000e2650000,0x00000000e26f5030,0x00000000e2700000)
  to   space 3328K, 0% used [0x00000000e2990000,0x00000000e2990000,0x00000000e2cd0000)
 ParOldGen       total 99584K, used 34504K [0x0000000090c00000, 0x0000000096d40000, 0x00000000daeb0000)
  object space 99584K, 34% used [0x0000000090c00000,0x0000000092db20b8,0x0000000096d40000)
 PSPermGen       total 52288K, used 51779K [0x000000008ba00000, 0x000000008ed10000, 0x0000000090c00000)
  object space 52288K, 99% used [0x000000008ba00000,0x000000008ec90dd0,0x000000008ed10000)
}
Event: 13212.907 GC heap before
{Heap before GC invocations=131 (full 56):
 PSYoungGen      total 123200K, used 660K [0x00000000daeb0000, 0x00000000e2cd0000, 0x0000000100000000)
  eden space 122496K, 0% used [0x00000000daeb0000,0x00000000daeb0000,0x00000000e2650000)
  from space 704K, 93% used [0x00000000e2650000,0x00000000e26f5030,0x00000000e2700000)
  to   space 3328K, 0% used [0x00000000e2990000,0x00000000e2990000,0x00000000e2cd0000)
 ParOldGen       total 99584K, used 34504K [0x0000000090c00000, 0x0000000096d40000, 0x00000000daeb0000)
  object space 99584K, 34% used [0x0000000090c00000,0x0000000092db20b8,0x0000000096d40000)
 PSPermGen       total 52288K, used 51779K [0x000000008ba00000, 0x000000008ed10000, 0x0000000090c00000)
  object space 52288K, 99% used [0x000000008ba00000,0x000000008ec90dd0,0x000000008ed10000)
Event: 13213.159 GC heap after
Heap after GC invocations=131 (full 56):
 PSYoungGen      total 123200K, used 0K [0x00000000daeb0000, 0x00000000e2cd0000, 0x0000000100000000)
  eden space 122496K, 0% used [0x00000000daeb0000,0x00000000daeb0000,0x00000000e2650000)
  from space 704K, 0% used [0x00000000e2650000,0x00000000e2650000,0x00000000e2700000)
  to   space 3328K, 0% used [0x00000000e2990000,0x00000000e2990000,0x00000000e2cd0000)
 ParOldGen       total 99584K, used 34720K [0x0000000090c00000, 0x0000000096d40000, 0x00000000daeb0000)
  object space 99584K, 34% used [0x0000000090c00000,0x0000000092de8000,0x0000000096d40000)
 PSPermGen       total 52288K, used 51779K [0x000000008ba00000, 0x000000008ed10000, 0x0000000090c00000)
  object space 52288K, 99% used [0x000000008ba00000,0x000000008ec90cb0,0x000000008ed10000)
}
Event: 13231.293 GC heap before
{Heap before GC invocations=132 (full 56):
 PSYoungGen      total 123200K, used 122496K [0x00000000daeb0000, 0x00000000e2cd0000, 0x0000000100000000)
  eden space 122496K, 100% used [0x00000000daeb0000,0x00000000e2650000,0x00000000e2650000)
  from space 704K, 0% used [0x00000000e2650000,0x00000000e2650000,0x00000000e2700000)
  to   space 3328K, 0% used [0x00000000e2990000,0x00000000e2990000,0x00000000e2cd0000)
 ParOldGen       total 99584K, used 34720K [0x0000000090c00000, 0x0000000096d40000, 0x00000000daeb0000)
  object space 99584K, 34% used [0x0000000090c00000,0x0000000092de8000,0x0000000096d40000)
 PSPermGen       total 52288K, used 51881K [0x000000008ba00000, 0x000000008ed10000, 0x0000000090c00000)
  object space 52288K, 99% used [0x000000008ba00000,0x000000008ecaa6f8,0x000000008ed10000)
Event: 13231.311 GC heap after
Heap after GC invocations=132 (full 56):
 PSYoungGen      total 123008K, used 3307K [0x00000000daeb0000, 0x00000000e38f0000, 0x0000000100000000)
  eden space 119680K, 0% used [0x00000000daeb0000,0x00000000daeb0000,0x00000000e2390000)
  from space 3328K, 99% used [0x00000000e2990000,0x00000000e2ccacc8,0x00000000e2cd0000)
  to   space 6144K, 0% used [0x00000000e2390000,0x00000000e2390000,0x00000000e2990000)
 ParOldGen       total 99584K, used 40732K [0x0000000090c00000, 0x0000000096d40000, 0x00000000daeb0000)
  object space 99584K, 40% used [0x0000000090c00000,0x00000000933c7320,0x0000000096d40000)
 PSPermGen       total 52288K, used 51881K [0x000000008ba00000, 0x000000008ed10000, 0x0000000090c00000)
  object space 52288K, 99% used [0x000000008ba00000,0x000000008ecaa6f8,0x000000008ed10000)
}

